[debug] [2019-07-28T04:17:01.155Z] ----------------------------------------------------------------------
[debug] [2019-07-28T04:17:01.158Z] Command:       C:\Program Files\nodejs\node.exe C:\Users\abcd\AppData\Roaming\npm\node_modules\firebase-tools\lib\bin\firebase.js deploy
[debug] [2019-07-28T04:17:01.158Z] CLI Version:   7.2.0
[debug] [2019-07-28T04:17:01.158Z] Platform:      win32
[debug] [2019-07-28T04:17:01.158Z] Node Version:  v8.12.0
[debug] [2019-07-28T04:17:01.160Z] Time:          Sun Jul 28 2019 09:47:01 GMT+0530 (India Standard Time)
[debug] [2019-07-28T04:17:01.160Z] ----------------------------------------------------------------------
[debug] 
[debug] [2019-07-28T04:17:01.173Z] > command requires scopes: ["email","openid","https://www.googleapis.com/auth/cloudplatformprojects.readonly","https://www.googleapis.com/auth/firebase","https://www.googleapis.com/auth/cloud-platform"]
[debug] [2019-07-28T04:17:01.173Z] > authorizing via signed-in user
[debug] [2019-07-28T04:17:01.174Z] [iam] checking project hackhere-cypher for permissions ["firebase.projects.get","firebasehosting.sites.update"]
[debug] [2019-07-28T04:17:01.176Z] > refreshing access token with scopes: ["email","https://www.googleapis.com/auth/cloud-platform","https://www.googleapis.com/auth/cloudplatformprojects.readonly","https://www.googleapis.com/auth/firebase","openid"]
[debug] [2019-07-28T04:17:01.176Z] >>> HTTP REQUEST POST https://www.googleapis.com/oauth2/v3/token  
 <request body omitted>
[debug] [2019-07-28T04:17:01.517Z] <<< HTTP RESPONSE 200
[debug] [2019-07-28T04:17:01.526Z] >>> HTTP REQUEST POST https://cloudresourcemanager.googleapis.com/v1/projects/hackhere-cypher:testIamPermissions  

[debug] [2019-07-28T04:17:03.359Z] <<< HTTP RESPONSE 200
[debug] [2019-07-28T04:17:03.360Z] >>> HTTP REQUEST GET https://firebase.googleapis.com/v1beta1/projects/hackhere-cypher  
 
[debug] [2019-07-28T04:17:03.866Z] <<< HTTP RESPONSE 200
[info] 
[info] === Deploying to 'hackhere-cypher'...
[info] 
[info] i  deploying hosting
[debug] [2019-07-28T04:17:03.872Z] >>> HTTP REQUEST POST https://firebasehosting.googleapis.com/v1beta1/sites/hackhere-cypher/versions  

[debug] [2019-07-28T04:17:06.294Z] <<< HTTP RESPONSE 200
[info] i  hosting[hackhere-cypher]: beginning deploy...
[info] i  hosting[hackhere-cypher]: found 168 files in public
[debug] [2019-07-28T04:17:06.507Z] [hosting] hash cache [cHVibGlj] load error: lines is not defined
[debug] [2019-07-28T04:17:07.022Z] [hosting] hash cache [cHVibGlj] stored for 168 files
[debug] [2019-07-28T04:17:07.022Z] [hosting][hash queue][FINAL]
[debug] [2019-07-28T04:17:07.022Z] >>> HTTP REQUEST POST https://firebasehosting.googleapis.com/v1beta1/sites/hackhere-cypher/versions/a446b180ef389edf:populateFiles  
 <request body omitted>
